<?xml version="1.0" encoding="UTF-8"?>
<!-- Generated by org.testng.reporters.JUnitReportReporter -->
<testsuite skipped="1" hostname="DESKTOP-MRNVS04" name="package01.SendMail2" tests="2" failures="0" timestamp="19 八月 2019 00:00:25 GMT" time="2.333" errors="1">
  <testcase name="openChrome" time="2.333" classname="package01.SendMail2">
    <error type="org.openqa.selenium.WebDriverException" message="unknown error: failed to write automation extension zip
Build info: version: &#039;4.0.0-alpha-1&#039;, revision: &#039;d1d3728cae&#039;, time: &#039;2019-04-24T16:15:24&#039;
System info: host: &#039;DESKTOP-MRNVS04&#039;, ip: &#039;192.168.23.1&#039;, os.name: &#039;Windows 10&#039;, os.arch: &#039;amd64&#039;, os.version: &#039;10.0&#039;, java.version: &#039;1.8.0_221&#039;
Driver info: driver.version: ChromeDriver
remote stacktrace: Backtrace:
	Ordinal0 [0x00B5EBD3+1502163]
	Ordinal0 [0x00ADF781+980865]
	Ordinal0 [0x00A6763F+489023]
	Ordinal0 [0x009FE0E6+57574]
	Ordinal0 [0x009FB933+47411]
	Ordinal0 [0x00A197E0+169952]
	Ordinal0 [0x00A1940D+168973]
	Ordinal0 [0x00A178EB+162027]
	Ordinal0 [0x00A00AC7+68295]
	Ordinal0 [0x00A01B40+72512]
	Ordinal0 [0x00A01AD9+72409]
	Ordinal0 [0x00AF8FE7+1085415]
	GetHandleVerifier [0x00BFD8AD+503293]
	GetHandleVerifier [0x00BFD640+502672]
	GetHandleVerifier [0x00C0471C+531564]
	GetHandleVerifier [0x00BFE0BA+505354]
	Ordinal0 [0x00AF06B6+1050294]
	Ordinal0 [0x00AF052F+1049903]
	Ordinal0 [0x00AFB04B+1093707]
	Ordinal0 [0x00AFB1B3+1094067]
	Ordinal0 [0x00AFA145+1089861]
	BaseThreadInitThunk [0x75A28494+36]
	RtlAreBitsSet [0x76F841C8+136]
	RtlAreBitsSet [0x76F84198+88]
">
      <![CDATA[org.openqa.selenium.WebDriverException: unknown error: failed to write automation extension zip
Build info: version: '4.0.0-alpha-1', revision: 'd1d3728cae', time: '2019-04-24T16:15:24'
System info: host: 'DESKTOP-MRNVS04', ip: '192.168.23.1', os.name: 'Windows 10', os.arch: 'amd64', os.version: '10.0', java.version: '1.8.0_221'
Driver info: driver.version: ChromeDriver
remote stacktrace: Backtrace:
Ordinal0 [0x00B5EBD3+1502163]
Ordinal0 [0x00ADF781+980865]
Ordinal0 [0x00A6763F+489023]
Ordinal0 [0x009FE0E6+57574]
Ordinal0 [0x009FB933+47411]
Ordinal0 [0x00A197E0+169952]
Ordinal0 [0x00A1940D+168973]
Ordinal0 [0x00A178EB+162027]
Ordinal0 [0x00A00AC7+68295]
Ordinal0 [0x00A01B40+72512]
Ordinal0 [0x00A01AD9+72409]
Ordinal0 [0x00AF8FE7+1085415]
GetHandleVerifier [0x00BFD8AD+503293]
GetHandleVerifier [0x00BFD640+502672]
GetHandleVerifier [0x00C0471C+531564]
GetHandleVerifier [0x00BFE0BA+505354]
Ordinal0 [0x00AF06B6+1050294]
Ordinal0 [0x00AF052F+1049903]
Ordinal0 [0x00AFB04B+1093707]
Ordinal0 [0x00AFB1B3+1094067]
Ordinal0 [0x00AFA145+1089861]
BaseThreadInitThunk [0x75A28494+36]
RtlAreBitsSet [0x76F841C8+136]
RtlAreBitsSet [0x76F84198+88]

at sun.reflect.NativeConstructorAccessorImpl.newInstance0(Native Method)
at sun.reflect.NativeConstructorAccessorImpl.newInstance(Unknown Source)
at sun.reflect.DelegatingConstructorAccessorImpl.newInstance(Unknown Source)
at java.lang.reflect.Constructor.newInstance(Unknown Source)
at org.openqa.selenium.remote.W3CHandshakeResponse.lambda$errorHandler$0(W3CHandshakeResponse.java:62)
at org.openqa.selenium.remote.HandshakeResponse.lambda$getResponseFunction$0(HandshakeResponse.java:30)
at org.openqa.selenium.remote.ProtocolHandshake.lambda$createSession$0(ProtocolHandshake.java:126)
at java.util.stream.ReferencePipeline$3$1.accept(Unknown Source)
at java.util.Spliterators$ArraySpliterator.tryAdvance(Unknown Source)
at java.util.stream.ReferencePipeline.forEachWithCancel(Unknown Source)
at java.util.stream.AbstractPipeline.copyIntoWithCancel(Unknown Source)
at java.util.stream.AbstractPipeline.copyInto(Unknown Source)
at java.util.stream.AbstractPipeline.wrapAndCopyInto(Unknown Source)
at java.util.stream.FindOps$FindOp.evaluateSequential(Unknown Source)
at java.util.stream.AbstractPipeline.evaluate(Unknown Source)
at java.util.stream.ReferencePipeline.findFirst(Unknown Source)
at org.openqa.selenium.remote.ProtocolHandshake.createSession(ProtocolHandshake.java:128)
at org.openqa.selenium.remote.ProtocolHandshake.createSession(ProtocolHandshake.java:74)
at org.openqa.selenium.remote.HttpCommandExecutor.execute(HttpCommandExecutor.java:139)
at org.openqa.selenium.remote.service.DriverCommandExecutor.execute(DriverCommandExecutor.java:83)
at org.openqa.selenium.remote.RemoteWebDriver.execute(RemoteWebDriver.java:577)
at org.openqa.selenium.remote.RemoteWebDriver.startSession(RemoteWebDriver.java:211)
at org.openqa.selenium.remote.RemoteWebDriver.<init>(RemoteWebDriver.java:131)
at org.openqa.selenium.chrome.ChromeDriver.<init>(ChromeDriver.java:189)
at org.openqa.selenium.chrome.ChromeDriver.<init>(ChromeDriver.java:176)
at org.openqa.selenium.chrome.ChromeDriver.<init>(ChromeDriver.java:131)
at package01.SendMail2.openChrome(SendMail2.java:25)
at sun.reflect.NativeMethodAccessorImpl.invoke0(Native Method)
at sun.reflect.NativeMethodAccessorImpl.invoke(Unknown Source)
at sun.reflect.DelegatingMethodAccessorImpl.invoke(Unknown Source)
at java.lang.reflect.Method.invoke(Unknown Source)
at org.testng.internal.MethodInvocationHelper.invokeMethod(MethodInvocationHelper.java:124)
at org.testng.internal.MethodInvocationHelper.invokeMethodConsideringTimeout(MethodInvocationHelper.java:59)
at org.testng.internal.Invoker.invokeConfigurationMethod(Invoker.java:458)
at org.testng.internal.Invoker.invokeConfigurations(Invoker.java:222)
at org.testng.internal.Invoker.invokeConfigurations(Invoker.java:142)
at org.testng.internal.TestMethodWorker.invokeBeforeClassMethods(TestMethodWorker.java:168)
at org.testng.internal.TestMethodWorker.run(TestMethodWorker.java:105)
at org.testng.TestRunner.privateRun(TestRunner.java:648)
at org.testng.TestRunner.run(TestRunner.java:505)
at org.testng.SuiteRunner.runTest(SuiteRunner.java:455)
at org.testng.SuiteRunner.runSequentially(SuiteRunner.java:450)
at org.testng.SuiteRunner.privateRun(SuiteRunner.java:415)
at org.testng.SuiteRunner.run(SuiteRunner.java:364)
at org.testng.SuiteRunnerWorker.runSuite(SuiteRunnerWorker.java:52)
at org.testng.SuiteRunnerWorker.run(SuiteRunnerWorker.java:84)
at org.testng.TestNG.runSuitesSequentially(TestNG.java:1208)
at org.testng.TestNG.runSuitesLocally(TestNG.java:1137)
at org.testng.TestNG.runSuites(TestNG.java:1049)
at org.testng.TestNG.run(TestNG.java:1017)
at org.testng.remote.AbstractRemoteTestNG.run(AbstractRemoteTestNG.java:132)
at org.testng.remote.RemoteTestNG.initAndRun(RemoteTestNG.java:236)
at org.testng.remote.RemoteTestNG.main(RemoteTestNG.java:81)
]]>
    </error>
  </testcase> <!-- openChrome -->
  <testcase name="sendMail" time="0.000" classname="package01.SendMail2">
    <skipped/>
  </testcase> <!-- sendMail -->
</testsuite> <!-- package01.SendMail2 -->
